<?xml version="1.0" encoding="UTF-8"?>
<testsuites name="Orders" tests="1"  failures="1" errors="0" time="8" >
  <testsuite name="Orders" tests="1" failures="1" errors="0" hostname="DESKTOP-SE2DMD2" time="7" timestamp="2020-01-03T18:39:48.416+05:30">
    <testcase name="Orderform" time="7" classname="Orders">
      <failure message="The Microsoft Access database engine could not find the object &apos;orderinput.csv&apos;. Make sure the object exists and that you spell its name and the path name correctly. If &apos;orderinput.csv&apos; is not a local object, check your network connection or contact the server administrator"></failure>
      <failure message="The test run has stopped because your test project is configured to stop on errors."></failure>
    </testcase>
  </testsuite>
</testsuites>
